🚀 启动增强版 Ray 集群监控服务 (默认8888端口)...
🚀 Ray 集群监控服务启动中 (增强版)...
正在获取初始Dashboard数据...
🔄 开始获取 Ray Dashboard 数据...
✓ 节点数据获取成功，共 23 个节点
✓ 任务数据获取成功，共 3 个任务
✓ Actor数据获取成功，共 0 个Actor
🔄 处理 23 个节点的数据...
✅ 成功处理 23 个节点数据
✅ 初始数据获取成功，共 23 个节点
🔄 开始定期更新Dashboard集群数据（每10秒一次）...
[2025-10-16 16:30:25] 🔄 正在更新Dashboard数据...
🔄 开始获取 Ray Dashboard 数据...
服务器成功启动在端口 8888
访问 URL: http://localhost:8888
外部访问: http://10.30.2.11:8888
按 Ctrl+C 停止服务器
✓ 节点数据获取成功，共 23 个节点
✓ 任务数据获取成功，共 3 个任务
✓ Actor数据获取成功，共 0 个Actor
🔄 处理 23 个节点的数据...
✅ 成功处理 23 个节点数据
[2025-10-16 16:30:25] ✅ Dashboard数据更新成功
    📊 节点: 23 | 活跃任务: 0 | 活跃Actor: 0
[2025-10-16 16:30:35] 🔄 正在更新Dashboard数据...
🔄 开始获取 Ray Dashboard 数据...
✓ 节点数据获取成功，共 23 个节点
✓ 任务数据获取成功，共 4 个任务
✓ Actor数据获取成功，共 0 个Actor
🔄 处理 23 个节点的数据...
✅ 成功处理 23 个节点数据
[2025-10-16 16:30:35] ✅ Dashboard数据更新成功
    📊 节点: 23 | 活跃任务: 1 | 活跃Actor: 0
[2025-10-16 16:30:45] 🔄 正在更新Dashboard数据...
🔄 开始获取 Ray Dashboard 数据...
✓ 节点数据获取成功，共 23 个节点
✓ 任务数据获取成功，共 4 个任务
✓ Actor数据获取成功，共 0 个Actor
🔄 处理 23 个节点的数据...
✅ 成功处理 23 个节点数据
[2025-10-16 16:30:45] ✅ Dashboard数据更新成功
    📊 节点: 23 | 活跃任务: 1 | 活跃Actor: 0
[2025-10-16 16:30:55] 🔄 正在更新Dashboard数据...
🔄 开始获取 Ray Dashboard 数据...
✓ 节点数据获取成功，共 23 个节点
✓ 任务数据获取成功，共 4 个任务
✓ Actor数据获取成功，共 0 个Actor
🔄 处理 23 个节点的数据...
✅ 成功处理 23 个节点数据
[2025-10-16 16:30:55] ✅ Dashboard数据更新成功
    📊 节点: 23 | 活跃任务: 1 | 活跃Actor: 0
[2025-10-16 16:31:05] 🔄 正在更新Dashboard数据...
🔄 开始获取 Ray Dashboard 数据...
✓ 节点数据获取成功，共 23 个节点
✓ 任务数据获取成功，共 4 个任务
✓ Actor数据获取成功，共 0 个Actor
🔄 处理 23 个节点的数据...
✅ 成功处理 23 个节点数据
[2025-10-16 16:31:05] ✅ Dashboard数据更新成功
    📊 节点: 23 | 活跃任务: 1 | 活跃Actor: 0
[2025-10-16 16:31:15] 🔄 正在更新Dashboard数据...
🔄 开始获取 Ray Dashboard 数据...
✓ 节点数据获取成功，共 23 个节点
✓ 任务数据获取成功，共 4 个任务
✓ Actor数据获取成功，共 0 个Actor
🔄 处理 23 个节点的数据...
✅ 成功处理 23 个节点数据
[2025-10-16 16:31:15] ✅ Dashboard数据更新成功
    📊 节点: 23 | 活跃任务: 1 | 活跃Actor: 0
[2025-10-16 16:31:25] 🔄 正在更新Dashboard数据...
🔄 开始获取 Ray Dashboard 数据...
✓ 节点数据获取成功，共 23 个节点
✓ 任务数据获取成功，共 4 个任务
✓ Actor数据获取成功，共 0 个Actor
🔄 处理 23 个节点的数据...
✅ 成功处理 23 个节点数据
[2025-10-16 16:31:25] ✅ Dashboard数据更新成功
    📊 节点: 23 | 活跃任务: 1 | 活跃Actor: 0
[2025-10-16 16:31:35] 🔄 正在更新Dashboard数据...
🔄 开始获取 Ray Dashboard 数据...
✓ 节点数据获取成功，共 23 个节点
✓ 任务数据获取成功，共 4 个任务
✓ Actor数据获取成功，共 0 个Actor
🔄 处理 23 个节点的数据...
✅ 成功处理 23 个节点数据
[2025-10-16 16:31:35] ✅ Dashboard数据更新成功
    📊 节点: 23 | 活跃任务: 1 | 活跃Actor: 0
[2025-10-16 16:31:45] 🔄 正在更新Dashboard数据...
🔄 开始获取 Ray Dashboard 数据...
✓ 节点数据获取成功，共 23 个节点
✓ 任务数据获取成功，共 4 个任务
✓ Actor数据获取成功，共 0 个Actor
🔄 处理 23 个节点的数据...
✅ 成功处理 23 个节点数据
[2025-10-16 16:31:45] ✅ Dashboard数据更新成功
    📊 节点: 23 | 活跃任务: 1 | 活跃Actor: 0
[2025-10-16 16:31:55] 🔄 正在更新Dashboard数据...
🔄 开始获取 Ray Dashboard 数据...
✓ 节点数据获取成功，共 23 个节点
✓ 任务数据获取成功，共 4 个任务
✓ Actor数据获取成功，共 0 个Actor
🔄 处理 23 个节点的数据...
✅ 成功处理 23 个节点数据
[2025-10-16 16:31:55] ✅ Dashboard数据更新成功
    📊 节点: 23 | 活跃任务: 1 | 活跃Actor: 0
[2025-10-16 16:32:05] 🔄 正在更新Dashboard数据...
🔄 开始获取 Ray Dashboard 数据...
✓ 节点数据获取成功，共 23 个节点
✓ 任务数据获取成功，共 4 个任务
✓ Actor数据获取成功，共 0 个Actor
🔄 处理 23 个节点的数据...
✅ 成功处理 23 个节点数据
[2025-10-16 16:32:05] ✅ Dashboard数据更新成功
    📊 节点: 23 | 活跃任务: 1 | 活跃Actor: 0
[2025-10-16 16:32:15] 🔄 正在更新Dashboard数据...
🔄 开始获取 Ray Dashboard 数据...
✓ 节点数据获取成功，共 23 个节点
✓ 任务数据获取成功，共 4 个任务
✓ Actor数据获取成功，共 0 个Actor
🔄 处理 23 个节点的数据...
✅ 成功处理 23 个节点数据
[2025-10-16 16:32:15] ✅ Dashboard数据更新成功
    📊 节点: 23 | 活跃任务: 1 | 活跃Actor: 0
[2025-10-16 16:32:25] 🔄 正在更新Dashboard数据...
🔄 开始获取 Ray Dashboard 数据...
✓ 节点数据获取成功，共 23 个节点
✓ 任务数据获取成功，共 4 个任务
✓ Actor数据获取成功，共 0 个Actor
🔄 处理 23 个节点的数据...
✅ 成功处理 23 个节点数据
[2025-10-16 16:32:25] ✅ Dashboard数据更新成功
    📊 节点: 23 | 活跃任务: 1 | 活跃Actor: 0
[2025-10-16 16:32:35] 🔄 正在更新Dashboard数据...
🔄 开始获取 Ray Dashboard 数据...
✓ 节点数据获取成功，共 23 个节点
✓ 任务数据获取成功，共 4 个任务
✓ Actor数据获取成功，共 0 个Actor
🔄 处理 23 个节点的数据...
✅ 成功处理 23 个节点数据
[2025-10-16 16:32:35] ✅ Dashboard数据更新成功
    📊 节点: 23 | 活跃任务: 1 | 活跃Actor: 0
[2025-10-16 16:32:45] 🔄 正在更新Dashboard数据...
🔄 开始获取 Ray Dashboard 数据...
✓ 节点数据获取成功，共 23 个节点
✓ 任务数据获取成功，共 4 个任务
✓ Actor数据获取成功，共 0 个Actor
🔄 处理 23 个节点的数据...
✅ 成功处理 23 个节点数据
[2025-10-16 16:32:45] ✅ Dashboard数据更新成功
    📊 节点: 23 | 活跃任务: 1 | 活跃Actor: 0
[2025-10-16 16:32:55] 🔄 正在更新Dashboard数据...
🔄 开始获取 Ray Dashboard 数据...
✓ 节点数据获取成功，共 23 个节点
✓ 任务数据获取成功，共 4 个任务
✓ Actor数据获取成功，共 0 个Actor
🔄 处理 23 个节点的数据...
✅ 成功处理 23 个节点数据
[2025-10-16 16:32:55] ✅ Dashboard数据更新成功
    📊 节点: 23 | 活跃任务: 1 | 活跃Actor: 0
[2025-10-16 16:33:05] 🔄 正在更新Dashboard数据...
🔄 开始获取 Ray Dashboard 数据...
✓ 节点数据获取成功，共 23 个节点
✓ 任务数据获取成功，共 4 个任务
✓ Actor数据获取成功，共 0 个Actor
🔄 处理 23 个节点的数据...
✅ 成功处理 23 个节点数据
[2025-10-16 16:33:05] ✅ Dashboard数据更新成功
    📊 节点: 23 | 活跃任务: 1 | 活跃Actor: 0
[2025-10-16 16:33:15] 🔄 正在更新Dashboard数据...
🔄 开始获取 Ray Dashboard 数据...
✓ 节点数据获取成功，共 23 个节点
✓ 任务数据获取成功，共 4 个任务
✓ Actor数据获取成功，共 0 个Actor
🔄 处理 23 个节点的数据...
✅ 成功处理 23 个节点数据
